(0000) 3000  0011000000000000 (   1)                 .ORIG x3000
(3000) 2282  0010001010000010 (   2)                 LD    R1 NUMA
(3001) 2482  0010010010000010 (   3)                 LD    R2 NUMB
(3002) 2682  0010011010000010 (   4)                 LD    R3 NUMC
(3003) 2882  0010100010000010 (   5)                 LD    R4 POSSIG
(3004) 4859  0100100001011001 (   7) ROUND           JSR   STATS
(3005) 1920  0001100100100000 (   8) STATEND         ADD   R4 R4 #0
(3006) 0201  0000001000000001 (   9)                 BRP   PLYR1
(3007) 0803  0000100000000011 (  10)                 BRN   PLYR2
(3008) E088  1110000010001000 (  12) PLYR1           LEA   R0 PROMPTA
(3009) F022  1111000000100010 (  13)                 TRAP  x22
(300A) 0E03  0000111000000011 (  14)                 BRNZP NIM
(300B) E0B3  1110000010110011 (  16) PLYR2           LEA   R0 PROMPTB
(300C) F022  1111000000100010 (  17)                 TRAP  x22
(300D) 0E00  0000111000000000 (  18)                 BRNZP NIM
(300E) F020  1111000000100000 (  20) NIM             TRAP  x20
(300F) F021  1111000000100001 (  21)                 TRAP  x21
(3010) 9A3F  1001101000111111 (  22)                 NOT   R5 R0
(3011) 1B61  0001101101100001 (  23)                 ADD   R5 R5 #1
(3012) 2C7A  0010110001111010 (  24)                 LD    R6 ASCIIA
(3013) 1F85  0001111110000101 (  25)                 ADD   R7 R6 R5
(3014) 0407  0000010000000111 (  26)                 BRZ   NIMA
(3015) 2C78  0010110001111000 (  27)                 LD    R6 ASCIIB
(3016) 1F85  0001111110000101 (  28)                 ADD   R7 R6 R5
(3017) 0419  0000010000011001 (  29)                 BRZ   NIMB
(3018) 2C76  0010110001110110 (  30)                 LD    R6 ASCIIC
(3019) 1F85  0001111110000101 (  31)                 ADD   R7 R6 R5
(301A) 042B  0000010000101011 (  32)                 BRZ   NIMC
(301B) 0E3F  0000111000111111 (  33)                 BRNZP FAIL
(301C) F020  1111000000100000 (  35) NIMA            TRAP  x20
(301D) F021  1111000000100001 (  36)                 TRAP  x21
(301E) 2A71  0010101001110001 (  37)                 LD    R5 ASCFIX
(301F) 1005  0001000000000101 (  38)                 ADD   R0 R0 R5
(3020) 0C3A  0000110000111010 (  39)                 BRNZ  FAIL
(3021) 5B60  0101101101100000 (  40)                 AND   R5 R5 #0
(3022) 1B76  0001101101110110 (  41)                 ADD   R5 R5 #-10
(3023) 1B40  0001101101000000 (  42)                 ADD   R5 R5 R0
(3024) 0636  0000011000110110 (  43)                 BRZP  FAIL
(3025) 9A3F  1001101000111111 (  45)                 NOT   R5 R0
(3026) 1B61  0001101101100001 (  46)                 ADD   R5 R5 #1
(3027) 1B41  0001101101000001 (  47)                 ADD   R5 R5 R1
(3028) 0832  0000100000110010 (  48)                 BRN   FAIL
(3029) 1360  0001001101100000 (  49)                 ADD   R1 R5 #0
(302A) 1920  0001100100100000 (  50)                 ADD   R4 R4 #0
(302B) 0201  0000001000000001 (  51)                 BRP   ARND1
(302C) 0802  0000100000000010 (  52)                 BRN   ARND2
(302D) 2859  0010100001011001 (  53) ARND1           LD    R4 NEGSIG
(302E) 0FD5  0000111111010101 (  54)                 BRNZP ROUND
(302F) 2856  0010100001010110 (  56) ARND2           LD    R4 POSSIG
(3030) 0FD3  0000111111010011 (  57)                 BRNZP ROUND
(3031) F020  1111000000100000 (  61) NIMB            TRAP  x20
(3032) F021  1111000000100001 (  62)                 TRAP  x21
(3033) 2A5C  0010101001011100 (  63)                 LD    R5 ASCFIX
(3034) 1005  0001000000000101 (  64)                 ADD   R0 R0 R5
(3035) 0C25  0000110000100101 (  65)                 BRNZ  FAIL
(3036) 5B60  0101101101100000 (  66)                 AND   R5 R5 #0
(3037) 1B76  0001101101110110 (  67)                 ADD   R5 R5 #-10
(3038) 1B40  0001101101000000 (  68)                 ADD   R5 R5 R0
(3039) 0621  0000011000100001 (  69)                 BRZP  FAIL
(303A) 9A3F  1001101000111111 (  71)                 NOT   R5 R0
(303B) 1B61  0001101101100001 (  72)                 ADD   R5 R5 #1
(303C) 1B42  0001101101000010 (  73)                 ADD   R5 R5 R2
(303D) 081D  0000100000011101 (  74)                 BRN   FAIL
(303E) 1560  0001010101100000 (  75)                 ADD   R2 R5 #0
(303F) 1920  0001100100100000 (  76)                 ADD   R4 R4 #0
(3040) 0201  0000001000000001 (  77)                 BRP   BRND1
(3041) 0802  0000100000000010 (  78)                 BRN   BRND2
(3042) 2844  0010100001000100 (  79) BRND1           LD    R4 NEGSIG
(3043) 0FC0  0000111111000000 (  80)                 BRNZP ROUND
(3044) 2841  0010100001000001 (  82) BRND2           LD    R4 POSSIG
(3045) 0FBE  0000111110111110 (  83)                 BRNZP ROUND
(3046) F020  1111000000100000 (  86) NIMC            TRAP  x20
(3047) F021  1111000000100001 (  87)                 TRAP  x21
(3048) 2A47  0010101001000111 (  88)                 LD    R5 ASCFIX
(3049) 1005  0001000000000101 (  89)                 ADD   R0 R0 R5
(304A) 0C10  0000110000010000 (  90)                 BRNZ  FAIL
(304B) 5B60  0101101101100000 (  91)                 AND   R5 R5 #0
(304C) 1B76  0001101101110110 (  92)                 ADD   R5 R5 #-10
(304D) 1B40  0001101101000000 (  93)                 ADD   R5 R5 R0
(304E) 060C  0000011000001100 (  94)                 BRZP  FAIL
(304F) 9A3F  1001101000111111 (  96)                 NOT   R5 R0
(3050) 1B61  0001101101100001 (  97)                 ADD   R5 R5 #1
(3051) 1B43  0001101101000011 (  98)                 ADD   R5 R5 R3
(3052) 0808  0000100000001000 (  99)                 BRN   FAIL
(3053) 1760  0001011101100000 ( 100)                 ADD   R3 R5 #0
(3054) 1920  0001100100100000 ( 101)                 ADD   R4 R4 #0
(3055) 0201  0000001000000001 ( 102)                 BRP   CRND1
(3056) 0802  0000100000000010 ( 103)                 BRN   CRND2
(3057) 282F  0010100000101111 ( 104) CRND1           LD    R4 NEGSIG
(3058) 0FAB  0000111110101011 ( 105)                 BRNZP ROUND
(3059) 282C  0010100000101100 ( 107) CRND2           LD    R4 POSSIG
(305A) 0FA9  0000111110101001 ( 108)                 BRNZP ROUND
(305B) E091  1110000010010001 ( 111) FAIL            LEA   R0 ERROR
(305C) F022  1111000000100010 ( 112)                 TRAP  x22
(305D) 0FA6  0000111110100110 ( 113)                 BRNZP ROUND
(305E) E0A8  1110000010101000 ( 117) STATS           LEA   R0 ROWA
(305F) F022  1111000000100010 ( 118)                 TRAP  x22
(3060) 2A27  0010101000100111 ( 119)                 LD    R5 NIMO
(3061) 1C60  0001110001100000 ( 120)                 ADD   R6 R1 #0
(3062) 0C03  0000110000000011 ( 122) SYMB1           BRNZ  NEXT2
(3063) BA26  1011101000100110 ( 123)                 STI   R5 DDR
(3064) 1DBF  0001110110111111 ( 124)                 ADD   R6 R6 #-1
(3065) 0FFC  0000111111111100 ( 125)                 BRNZP SYMB1
(3066) E0A9  1110000010101001 ( 127) NEXT2           LEA   R0 ROWB
(3067) F022  1111000000100010 ( 128)                 TRAP  x22
(3068) 2A1F  0010101000011111 ( 129)                 LD    R5 NIMO
(3069) 1CA0  0001110010100000 ( 130)                 ADD   R6 R2 #0
(306A) 0C03  0000110000000011 ( 132) SYMB2           BRNZ  NEXT3
(306B) BA1E  1011101000011110 ( 133)                 STI   R5 DDR
(306C) 1DBF  0001110110111111 ( 134)                 ADD   R6 R6 #-1
(306D) 0FFC  0000111111111100 ( 135)                 BRNZP SYMB2
(306E) E0AA  1110000010101010 ( 137) NEXT3           LEA   R0 ROWC
(306F) F022  1111000000100010 ( 138)                 TRAP  x22
(3070) 2A17  0010101000010111 ( 139)                 LD    R5 NIMO
(3071) 1CE0  0001110011100000 ( 140)                 ADD   R6 R3 #0
(3072) 0C03  0000110000000011 ( 142) SYMB3           BRNZ  ALL
(3073) BA16  1011101000010110 ( 143)                 STI   R5 DDR
(3074) 1DBF  0001110110111111 ( 144)                 ADD   R6 R6 #-1
(3075) 0FFC  0000111111111100 ( 145)                 BRNZP SYMB3
(3076) 1A42  0001101001000010 ( 146) ALL             ADD   R5 R1 R2
(3077) 1B43  0001101101000011 ( 147)                 ADD   R5 R5 R3
(3078) 0C01  0000110000000001 ( 148)                 BRNZ  OVER
(3079) 0F8B  0000111110001011 ( 149)                 BRNZP STATEND
(307A) 1920  0001100100100000 ( 151) OVER            ADD   R4 R4 #0
(307B) 0201  0000001000000001 ( 152)                 BRP   AWIN
(307C) 0803  0000100000000011 ( 153)                 BRN   BWIN
(307D) E0A6  1110000010100110 ( 154) AWIN            LEA   R0 WINA
(307E) F022  1111000000100010 ( 155)                 TRAP  x22
(307F) F025  1111000000100101 ( 156)                 TRAP  x25
(3080) E0B3  1110000010110011 ( 157) BWIN            LEA   R0 WINB
(3081) F022  1111000000100010 ( 158)                 TRAP  x22
(3082) F025  1111000000100101 ( 159)                 TRAP  x25
(3083) 0003  0000000000000011 ( 161) NUMA            .FILL x0003
(3084) 0005  0000000000000101 ( 162) NUMB            .FILL x0005
(3085) 0008  0000000000001000 ( 163) NUMC            .FILL x0008
(3086) 0001  0000000000000001 ( 164) POSSIG          .FILL x0001
(3087) FFFF  1111111111111111 ( 165) NEGSIG          .FILL xFFFF
(3088) 006F  0000000001101111 ( 166) NIMO            .FILL x006F
(3089) FE04  1111111000000100 ( 168) DSR             .FILL xFE04
(308A) FE06  1111111000000110 ( 169) DDR             .FILL xFE06
(308B) FE00  1111111000000000 ( 170) KBSR            .FILL xFE00
(308C) FE02  1111111000000010 ( 171) KBDR            .FILL xFE02
(308D) 0041  0000000001000001 ( 173) ASCIIA          .FILL x0041
(308E) 0042  0000000001000010 ( 174) ASCIIB          .FILL x0042
(308F) 0043  0000000001000011 ( 175) ASCIIC          .FILL x0043
(3090) FFD0  1111111111010000 ( 176) ASCFIX          .FILL xFFD0
(3091) 000A  0000000000001010 ( 178) PROMPTA         .FILL x000A
(3092) 0050  0000000001010000 ( 178)                 .FILL x0050
(3093) 006C  0000000001101100 ( 178)                 .FILL x006C
(3094) 0061  0000000001100001 ( 178)                 .FILL x0061
(3095) 0079  0000000001111001 ( 178)                 .FILL x0079
(3096) 0065  0000000001100101 ( 178)                 .FILL x0065
(3097) 0072  0000000001110010 ( 178)                 .FILL x0072
(3098) 0020  0000000000100000 ( 178)                 .FILL x0020
(3099) 0031  0000000000110001 ( 178)                 .FILL x0031
(309A) 002C  0000000000101100 ( 178)                 .FILL x002C
(309B) 0020  0000000000100000 ( 178)                 .FILL x0020
(309C) 0063  0000000001100011 ( 178)                 .FILL x0063
(309D) 0068  0000000001101000 ( 178)                 .FILL x0068
(309E) 006F  0000000001101111 ( 178)                 .FILL x006F
(309F) 006F  0000000001101111 ( 178)                 .FILL x006F
(30A0) 0073  0000000001110011 ( 178)                 .FILL x0073
(30A1) 0065  0000000001100101 ( 178)                 .FILL x0065
(30A2) 0020  0000000000100000 ( 178)                 .FILL x0020
(30A3) 0061  0000000001100001 ( 178)                 .FILL x0061
(30A4) 0020  0000000000100000 ( 178)                 .FILL x0020
(30A5) 0072  0000000001110010 ( 178)                 .FILL x0072
(30A6) 006F  0000000001101111 ( 178)                 .FILL x006F
(30A7) 0077  0000000001110111 ( 178)                 .FILL x0077
(30A8) 0020  0000000000100000 ( 178)                 .FILL x0020
(30A9) 0061  0000000001100001 ( 178)                 .FILL x0061
(30AA) 006E  0000000001101110 ( 178)                 .FILL x006E
(30AB) 0064  0000000001100100 ( 178)                 .FILL x0064
(30AC) 0020  0000000000100000 ( 178)                 .FILL x0020
(30AD) 006E  0000000001101110 ( 178)                 .FILL x006E
(30AE) 0075  0000000001110101 ( 178)                 .FILL x0075
(30AF) 006D  0000000001101101 ( 178)                 .FILL x006D
(30B0) 0062  0000000001100010 ( 178)                 .FILL x0062
(30B1) 0065  0000000001100101 ( 178)                 .FILL x0065
(30B2) 0072  0000000001110010 ( 178)                 .FILL x0072
(30B3) 0020  0000000000100000 ( 178)                 .FILL x0020
(30B4) 006F  0000000001101111 ( 178)                 .FILL x006F
(30B5) 0066  0000000001100110 ( 178)                 .FILL x0066
(30B6) 0020  0000000000100000 ( 178)                 .FILL x0020
(30B7) 0072  0000000001110010 ( 178)                 .FILL x0072
(30B8) 006F  0000000001101111 ( 178)                 .FILL x006F
(30B9) 0063  0000000001100011 ( 178)                 .FILL x0063
(30BA) 006B  0000000001101011 ( 178)                 .FILL x006B
(30BB) 0073  0000000001110011 ( 178)                 .FILL x0073
(30BC) 003A  0000000000111010 ( 178)                 .FILL x003A
(30BD) 0020  0000000000100000 ( 178)                 .FILL x0020
(30BE) 0000  0000000000000000 ( 178)                 .FILL x0000
(30BF) 000A  0000000000001010 ( 179) PROMPTB         .FILL x000A
(30C0) 0050  0000000001010000 ( 179)                 .FILL x0050
(30C1) 006C  0000000001101100 ( 179)                 .FILL x006C
(30C2) 0061  0000000001100001 ( 179)                 .FILL x0061
(30C3) 0079  0000000001111001 ( 179)                 .FILL x0079
(30C4) 0065  0000000001100101 ( 179)                 .FILL x0065
(30C5) 0072  0000000001110010 ( 179)                 .FILL x0072
(30C6) 0020  0000000000100000 ( 179)                 .FILL x0020
(30C7) 0032  0000000000110010 ( 179)                 .FILL x0032
(30C8) 002C  0000000000101100 ( 179)                 .FILL x002C
(30C9) 0020  0000000000100000 ( 179)                 .FILL x0020
(30CA) 0063  0000000001100011 ( 179)                 .FILL x0063
(30CB) 0068  0000000001101000 ( 179)                 .FILL x0068
(30CC) 006F  0000000001101111 ( 179)                 .FILL x006F
(30CD) 006F  0000000001101111 ( 179)                 .FILL x006F
(30CE) 0073  0000000001110011 ( 179)                 .FILL x0073
(30CF) 0065  0000000001100101 ( 179)                 .FILL x0065
(30D0) 0020  0000000000100000 ( 179)                 .FILL x0020
(30D1) 0061  0000000001100001 ( 179)                 .FILL x0061
(30D2) 0020  0000000000100000 ( 179)                 .FILL x0020
(30D3) 0072  0000000001110010 ( 179)                 .FILL x0072
(30D4) 006F  0000000001101111 ( 179)                 .FILL x006F
(30D5) 0077  0000000001110111 ( 179)                 .FILL x0077
(30D6) 0020  0000000000100000 ( 179)                 .FILL x0020
(30D7) 0061  0000000001100001 ( 179)                 .FILL x0061
(30D8) 006E  0000000001101110 ( 179)                 .FILL x006E
(30D9) 0064  0000000001100100 ( 179)                 .FILL x0064
(30DA) 0020  0000000000100000 ( 179)                 .FILL x0020
(30DB) 006E  0000000001101110 ( 179)                 .FILL x006E
(30DC) 0075  0000000001110101 ( 179)                 .FILL x0075
(30DD) 006D  0000000001101101 ( 179)                 .FILL x006D
(30DE) 0062  0000000001100010 ( 179)                 .FILL x0062
(30DF) 0065  0000000001100101 ( 179)                 .FILL x0065
(30E0) 0072  0000000001110010 ( 179)                 .FILL x0072
(30E1) 0020  0000000000100000 ( 179)                 .FILL x0020
(30E2) 006F  0000000001101111 ( 179)                 .FILL x006F
(30E3) 0066  0000000001100110 ( 179)                 .FILL x0066
(30E4) 0020  0000000000100000 ( 179)                 .FILL x0020
(30E5) 0072  0000000001110010 ( 179)                 .FILL x0072
(30E6) 006F  0000000001101111 ( 179)                 .FILL x006F
(30E7) 0063  0000000001100011 ( 179)                 .FILL x0063
(30E8) 006B  0000000001101011 ( 179)                 .FILL x006B
(30E9) 0073  0000000001110011 ( 179)                 .FILL x0073
(30EA) 003A  0000000000111010 ( 179)                 .FILL x003A
(30EB) 0020  0000000000100000 ( 179)                 .FILL x0020
(30EC) 0000  0000000000000000 ( 179)                 .FILL x0000
(30ED) 000A  0000000000001010 ( 180) ERROR           .FILL x000A
(30EE) 0049  0000000001001001 ( 180)                 .FILL x0049
(30EF) 006E  0000000001101110 ( 180)                 .FILL x006E
(30F0) 0076  0000000001110110 ( 180)                 .FILL x0076
(30F1) 0061  0000000001100001 ( 180)                 .FILL x0061
(30F2) 006C  0000000001101100 ( 180)                 .FILL x006C
(30F3) 0069  0000000001101001 ( 180)                 .FILL x0069
(30F4) 0064  0000000001100100 ( 180)                 .FILL x0064
(30F5) 0020  0000000000100000 ( 180)                 .FILL x0020
(30F6) 006D  0000000001101101 ( 180)                 .FILL x006D
(30F7) 006F  0000000001101111 ( 180)                 .FILL x006F
(30F8) 0076  0000000001110110 ( 180)                 .FILL x0076
(30F9) 0065  0000000001100101 ( 180)                 .FILL x0065
(30FA) 002E  0000000000101110 ( 180)                 .FILL x002E
(30FB) 0020  0000000000100000 ( 180)                 .FILL x0020
(30FC) 0054  0000000001010100 ( 180)                 .FILL x0054
(30FD) 0072  0000000001110010 ( 180)                 .FILL x0072
(30FE) 0079  0000000001111001 ( 180)                 .FILL x0079
(30FF) 0020  0000000000100000 ( 180)                 .FILL x0020
(3100) 0061  0000000001100001 ( 180)                 .FILL x0061
(3101) 0067  0000000001100111 ( 180)                 .FILL x0067
(3102) 0061  0000000001100001 ( 180)                 .FILL x0061
(3103) 0069  0000000001101001 ( 180)                 .FILL x0069
(3104) 006E  0000000001101110 ( 180)                 .FILL x006E
(3105) 002E  0000000000101110 ( 180)                 .FILL x002E
(3106) 0000  0000000000000000 ( 180)                 .FILL x0000
(3107) 000A  0000000000001010 ( 181) ROWA            .FILL x000A
(3108) 0052  0000000001010010 ( 181)                 .FILL x0052
(3109) 004F  0000000001001111 ( 181)                 .FILL x004F
(310A) 0057  0000000001010111 ( 181)                 .FILL x0057
(310B) 0020  0000000000100000 ( 181)                 .FILL x0020
(310C) 0041  0000000001000001 ( 181)                 .FILL x0041
(310D) 003A  0000000000111010 ( 181)                 .FILL x003A
(310E) 0020  0000000000100000 ( 181)                 .FILL x0020
(310F) 0000  0000000000000000 ( 181)                 .FILL x0000
(3110) 000A  0000000000001010 ( 182) ROWB            .FILL x000A
(3111) 0052  0000000001010010 ( 182)                 .FILL x0052
(3112) 004F  0000000001001111 ( 182)                 .FILL x004F
(3113) 0057  0000000001010111 ( 182)                 .FILL x0057
(3114) 0020  0000000000100000 ( 182)                 .FILL x0020
(3115) 0042  0000000001000010 ( 182)                 .FILL x0042
(3116) 003A  0000000000111010 ( 182)                 .FILL x003A
(3117) 0020  0000000000100000 ( 182)                 .FILL x0020
(3118) 0000  0000000000000000 ( 182)                 .FILL x0000
(3119) 000A  0000000000001010 ( 183) ROWC            .FILL x000A
(311A) 0052  0000000001010010 ( 183)                 .FILL x0052
(311B) 004F  0000000001001111 ( 183)                 .FILL x004F
(311C) 0057  0000000001010111 ( 183)                 .FILL x0057
(311D) 0020  0000000000100000 ( 183)                 .FILL x0020
(311E) 0043  0000000001000011 ( 183)                 .FILL x0043
(311F) 003A  0000000000111010 ( 183)                 .FILL x003A
(3120) 0020  0000000000100000 ( 183)                 .FILL x0020
(3121) 0000  0000000000000000 ( 183)                 .FILL x0000
(3122) 000A  0000000000001010 ( 184) ENDLINE         .FILL x000A
(3123) 0000  0000000000000000 ( 184)                 .FILL x0000
(3124) 000A  0000000000001010 ( 185) WINA            .FILL x000A
(3125) 0050  0000000001010000 ( 185)                 .FILL x0050
(3126) 006C  0000000001101100 ( 185)                 .FILL x006C
(3127) 0061  0000000001100001 ( 185)                 .FILL x0061
(3128) 0079  0000000001111001 ( 185)                 .FILL x0079
(3129) 0065  0000000001100101 ( 185)                 .FILL x0065
(312A) 0072  0000000001110010 ( 185)                 .FILL x0072
(312B) 0020  0000000000100000 ( 185)                 .FILL x0020
(312C) 0031  0000000000110001 ( 185)                 .FILL x0031
(312D) 0020  0000000000100000 ( 185)                 .FILL x0020
(312E) 0057  0000000001010111 ( 185)                 .FILL x0057
(312F) 0069  0000000001101001 ( 185)                 .FILL x0069
(3130) 006E  0000000001101110 ( 185)                 .FILL x006E
(3131) 0073  0000000001110011 ( 185)                 .FILL x0073
(3132) 002E  0000000000101110 ( 185)                 .FILL x002E
(3133) 0000  0000000000000000 ( 185)                 .FILL x0000
(3134) 000A  0000000000001010 ( 186) WINB            .FILL x000A
(3135) 0050  0000000001010000 ( 186)                 .FILL x0050
(3136) 006C  0000000001101100 ( 186)                 .FILL x006C
(3137) 0061  0000000001100001 ( 186)                 .FILL x0061
(3138) 0079  0000000001111001 ( 186)                 .FILL x0079
(3139) 0065  0000000001100101 ( 186)                 .FILL x0065
(313A) 0072  0000000001110010 ( 186)                 .FILL x0072
(313B) 0020  0000000000100000 ( 186)                 .FILL x0020
(313C) 0032  0000000000110010 ( 186)                 .FILL x0032
(313D) 0020  0000000000100000 ( 186)                 .FILL x0020
(313E) 0057  0000000001010111 ( 186)                 .FILL x0057
(313F) 0069  0000000001101001 ( 186)                 .FILL x0069
(3140) 006E  0000000001101110 ( 186)                 .FILL x006E
(3141) 0073  0000000001110011 ( 186)                 .FILL x0073
(3142) 002E  0000000000101110 ( 186)                 .FILL x002E
(3143) 0000  0000000000000000 ( 186)                 .FILL x0000
