(0000) 3000  0011000000000000 (   1)                 .ORIG x3000
(3000) 5020  0101000000100000 (   2)                 AND   R0 R0 #0
(3001) 5260  0101001001100000 (   3)                 AND   R1 R1 #0
(3002) 54A0  0101010010100000 (   4)                 AND   R2 R2 #0
(3003) 56E0  0101011011100000 (   5)                 AND   R3 R3 #0
(3004) 5920  0101100100100000 (   6)                 AND   R4 R4 #0
(3005) 5B60  0101101101100000 (   7)                 AND   R5 R5 #0
(3006) 5DA0  0101110110100000 (   8)                 AND   R6 R6 #0
(3007) 5FE0  0101111111100000 (   9)                 AND   R7 R7 #0
(3008) E271  1110001001110001 (  10) AGAIN           LEA   R1 PROMPT
(3009) 6040  0110000001000000 (  11) LOOP            LDR   R0 R1 #0
(300A) 1261  0001001001100001 (  12)                 ADD   R1 R1 #1
(300B) B057  1011000001010111 (  13)                 STI   R0 DDR
(300C) 1020  0001000000100000 (  14)                 ADD   R0 R0 #0
(300D) 0BFB  0000101111111011 (  15)                 BRNP  LOOP
(300E) 2259  0010001001011001 (  16)                 LD    R1 START
(300F) 2459  0010010001011001 (  17)                 LD    R2 LENGTH
(3010) 2659  0010011001011001 (  18)                 LD    R3 NEWLINE
(3011) 2859  0010100001011001 (  19)                 LD    R4 ANTLINE
(3012) 2A53  0010101001010011 (  20)                 LD    R5 INBUF
(3013) F020  1111000000100000 (  22) INPUT           TRAP  x20
(3014) 1E03  0001111000000011 (  24)                 ADD   R7 R0 R3
(3015) 0414  0000010000010100 (  25)                 BRZ   SEARCH
(3016) 2C55  0010110001010101 (  27)                 LD    R6 ASCIIA
(3017) 1E06  0001111000000110 (  28)                 ADD   R7 R0 R6
(3018) 040D  0000010000001101 (  29)                 BRZ   NORMAL
(3019) 2C53  0010110001010011 (  31)                 LD    R6 ASCIIB
(301A) 1E06  0001111000000110 (  32)                 ADD   R7 R0 R6
(301B) 040A  0000010000001010 (  33)                 BRZ   NORMAL
(301C) 1003  0001000000000011 (  35)                 ADD   R0 R0 R3
(301D) 1002  0001000000000010 (  37)                 ADD   R0 R0 R2
(301E) 1001  0001000000000001 (  39)                 ADD   R0 R0 R1
(301F) 083B  0000100000111011 (  40)                 BRN   EXIT
(3020) 1003  0001000000000011 (  42)                 ADD   R0 R0 R3
(3021) 0639  0000011000111001 (  43)                 BRZP  EXIT
(3022) 0E00  0000111000000000 (  45)                 BRNZP CLEAN
(3023) 1002  0001000000000010 (  47) CLEAN           ADD   R0 R0 R2
(3024) 1004  0001000000000100 (  48)                 ADD   R0 R0 R4
(3025) 0E00  0000111000000000 (  49)                 BRNZP NORMAL
(3026) 7140  0111000101000000 (  51) NORMAL          STR   R0 R5 #0
(3027) 1B61  0001101101100001 (  52)                 ADD   R5 R5 #1
(3028) F021  1111000000100001 (  53)                 TRAP  x21
(3029) 0FE9  0000111111101001 (  54)                 BRNZP INPUT
(302A) 5020  0101000000100000 (  57) SEARCH          AND   R0 R0 #0
(302B) 7140  0111000101000000 (  58)                 STR   R0 R5 #0
(302C) 203A  0010000000111010 (  59)                 LD    R0 LINKER
(302D) 6200  0110001000000000 (  60) LOOP5           LDR   R1 R0 #0
(302E) 0410  0000010000010000 (  61)                 BRZ   FINAL
(302F) 1461  0001010001100001 (  62)                 ADD   R2 R1 #1
(3030) 2635  0010011000110101 (  63)                 LD    R3 INBUF
(3031) 6E80  0110111010000000 (  65)                 LDR   R7 R2 #0
(3032) 6CC0  0110110011000000 (  66) COMPARE         LDR   R6 R3 #0
(3033) 69C0  0110100111000000 (  67)                 LDR   R4 R7 #0
(3034) 1B84  0001101110000100 (  68)                 ADD   R5 R6 R4
(3035) 0414  0000010000010100 (  69)                 BRZ   RESULT
(3036) 9BBF  1001101110111111 (  70)                 NOT   R5 R6
(3037) 1B61  0001101101100001 (  71)                 ADD   R5 R5 #1
(3038) 1B44  0001101101000100 (  72)                 ADD   R5 R5 R4
(3039) 0A03  0000101000000011 (  73)                 BRNP  NEXT
(303A) 16E1  0001011011100001 (  74)                 ADD   R3 R3 #1
(303B) 1FE1  0001111111100001 (  75)                 ADD   R7 R7 #1
(303C) 0FF5  0000111111110101 (  76)                 BRNZP COMPARE
(303D) 6000  0110000000000000 (  78) NEXT            LDR   R0 R0 #0
(303E) 0FEE  0000111111101110 (  79)                 BRNZP LOOP5
(303F) 6CC0  0110110011000000 (  81) FINAL           LDR   R6 R3 #0
(3040) 1F20  0001111100100000 (  82)                 ADD   R7 R4 #0
(3041) 1B87  0001101110000111 (  83)                 ADD   R5 R6 R7
(3042) 0407  0000010000000111 (  84)                 BRZ   RESULT
(3043) 9BBF  1001101110111111 (  85)                 NOT   R5 R6
(3044) 1B61  0001101101100001 (  86)                 ADD   R5 R5 #1
(3045) 1B47  0001101101000111 (  87)                 ADD   R5 R5 R7
(3046) 0A0D  0000101000001101 (  88)                 BRNP  DEFAULT
(3047) 16E1  0001011011100001 (  89)                 ADD   R3 R3 #1
(3048) 1921  0001100100100001 (  90)                 ADD   R4 R4 #1
(3049) 0FF5  0000111111110101 (  91)                 BRNZP FINAL
(304A) 5020  0101000000100000 (  93) RESULT          AND   R0 R0 #0
(304B) 102A  0001000000101010 (  94)                 ADD   R0 R0 #10
(304C) B016  1011000000010110 (  95)                 STI   R0 DDR
(304D) 6242  0110001001000010 (  96)                 LDR   R1 R1 #2
(304E) 6040  0110000001000000 (  97) LOOP4           LDR   R0 R1 #0
(304F) 1261  0001001001100001 (  98)                 ADD   R1 R1 #1
(3050) B012  1011000000010010 (  99)                 STI   R0 DDR
(3051) 1020  0001000000100000 ( 100)                 ADD   R0 R0 #0
(3052) 0BFB  0000101111111011 ( 101)                 BRNP  LOOP4
(3053) F025  1111000000100101 ( 102)                 TRAP  x25
(3054) E21B  1110001000011011 ( 104) DEFAULT         LEA   R1 DFTPRM
(3055) 6040  0110000001000000 ( 105) LOOP3           LDR   R0 R1 #0
(3056) 1261  0001001001100001 ( 106)                 ADD   R1 R1 #1
(3057) B00B  1011000000001011 ( 107)                 STI   R0 DDR
(3058) 1020  0001000000100000 ( 108)                 ADD   R0 R0 #0
(3059) 0BFB  0000101111111011 ( 109)                 BRNP  LOOP3
(305A) F025  1111000000100101 ( 110)                 TRAP  x25
(305B) E243  1110001001000011 ( 113) EXIT            LEA   R1 ERROR
(305C) 6040  0110000001000000 ( 114) LOOP2           LDR   R0 R1 #0
(305D) 1261  0001001001100001 ( 115)                 ADD   R1 R1 #1
(305E) B004  1011000000000100 ( 116)                 STI   R0 DDR
(305F) 1020  0001000000100000 ( 117)                 ADD   R0 R0 #0
(3060) 0BFB  0000101111111011 ( 118)                 BRNP  LOOP2
(3061) F025  1111000000100101 ( 119)                 TRAP  x25
(3062) FE04  1111111000000100 ( 122) DSR             .FILL xFE04
(3063) FE06  1111111000000110 ( 123) DDR             .FILL xFE06
(3064) FE00  1111111000000000 ( 124) KBSR            .FILL xFE00
(3065) FE02  1111111000000010 ( 125) KBDR            .FILL xFE02
(3066) 2FF0  0010111111110000 ( 127) INBUF           .FILL x2FF0
(3067) 3300  0011001100000000 ( 128) LINKER          .FILL x3300
(3068) FFD0  1111111111010000 ( 129) START           .FILL xFFD0
(3069) 000A  0000000000001010 ( 130) LENGTH          .FILL x000A
(306A) FFF6  1111111111110110 ( 131) NEWLINE         .FILL xFFF6
(306B) 0030  0000000000110000 ( 132) ANTLINE         .FILL x0030
(306C) FFBF  1111111110111111 ( 133) ASCIIA          .FILL xFFBF
(306D) FFBE  1111111110111110 ( 134) ASCIIB          .FILL xFFBE
(306E) 000A  0000000000001010 ( 136) ENDLINE         .FILL x000A
(306F) 0000  0000000000000000 ( 136)                 .FILL x0000
(3070) 000A  0000000000001010 ( 137) DFTPRM          .FILL x000A
(3071) 004E  0000000001001110 ( 137)                 .FILL x004E
(3072) 006F  0000000001101111 ( 137)                 .FILL x006F
(3073) 0020  0000000000100000 ( 137)                 .FILL x0020
(3074) 0045  0000000001000101 ( 137)                 .FILL x0045
(3075) 006E  0000000001101110 ( 137)                 .FILL x006E
(3076) 0074  0000000001110100 ( 137)                 .FILL x0074
(3077) 0072  0000000001110010 ( 137)                 .FILL x0072
(3078) 0079  0000000001111001 ( 137)                 .FILL x0079
(3079) 0000  0000000000000000 ( 137)                 .FILL x0000
(307A) 0054  0000000001010100 ( 138) PROMPT          .FILL x0054
(307B) 0079  0000000001111001 ( 138)                 .FILL x0079
(307C) 0070  0000000001110000 ( 138)                 .FILL x0070
(307D) 0065  0000000001100101 ( 138)                 .FILL x0065
(307E) 0020  0000000000100000 ( 138)                 .FILL x0020
(307F) 0061  0000000001100001 ( 138)                 .FILL x0061
(3080) 0020  0000000000100000 ( 138)                 .FILL x0020
(3081) 0072  0000000001110010 ( 138)                 .FILL x0072
(3082) 006F  0000000001101111 ( 138)                 .FILL x006F
(3083) 006F  0000000001101111 ( 138)                 .FILL x006F
(3084) 006D  0000000001101101 ( 138)                 .FILL x006D
(3085) 0020  0000000000100000 ( 138)                 .FILL x0020
(3086) 006E  0000000001101110 ( 138)                 .FILL x006E
(3087) 0075  0000000001110101 ( 138)                 .FILL x0075
(3088) 006D  0000000001101101 ( 138)                 .FILL x006D
(3089) 0062  0000000001100010 ( 138)                 .FILL x0062
(308A) 0065  0000000001100101 ( 138)                 .FILL x0065
(308B) 0072  0000000001110010 ( 138)                 .FILL x0072
(308C) 0020  0000000000100000 ( 138)                 .FILL x0020
(308D) 0061  0000000001100001 ( 138)                 .FILL x0061
(308E) 006E  0000000001101110 ( 138)                 .FILL x006E
(308F) 0064  0000000001100100 ( 138)                 .FILL x0064
(3090) 0020  0000000000100000 ( 138)                 .FILL x0020
(3091) 0070  0000000001110000 ( 138)                 .FILL x0070
(3092) 0072  0000000001110010 ( 138)                 .FILL x0072
(3093) 0065  0000000001100101 ( 138)                 .FILL x0065
(3094) 0073  0000000001110011 ( 138)                 .FILL x0073
(3095) 0073  0000000001110011 ( 138)                 .FILL x0073
(3096) 0020  0000000000100000 ( 138)                 .FILL x0020
(3097) 0045  0000000001000101 ( 138)                 .FILL x0045
(3098) 006E  0000000001101110 ( 138)                 .FILL x006E
(3099) 0074  0000000001110100 ( 138)                 .FILL x0074
(309A) 0065  0000000001100101 ( 138)                 .FILL x0065
(309B) 0072  0000000001110010 ( 138)                 .FILL x0072
(309C) 003A  0000000000111010 ( 138)                 .FILL x003A
(309D) 0020  0000000000100000 ( 138)                 .FILL x0020
(309E) 0000  0000000000000000 ( 138)                 .FILL x0000
(309F) 000A  0000000000001010 ( 139) ERROR           .FILL x000A
(30A0) 0049  0000000001001001 ( 139)                 .FILL x0049
(30A1) 006E  0000000001101110 ( 139)                 .FILL x006E
(30A2) 0076  0000000001110110 ( 139)                 .FILL x0076
(30A3) 0061  0000000001100001 ( 139)                 .FILL x0061
(30A4) 006C  0000000001101100 ( 139)                 .FILL x006C
(30A5) 0069  0000000001101001 ( 139)                 .FILL x0069
(30A6) 0064  0000000001100100 ( 139)                 .FILL x0064
(30A7) 0020  0000000000100000 ( 139)                 .FILL x0020
(30A8) 0069  0000000001101001 ( 139)                 .FILL x0069
(30A9) 006E  0000000001101110 ( 139)                 .FILL x006E
(30AA) 0070  0000000001110000 ( 139)                 .FILL x0070
(30AB) 0075  0000000001110101 ( 139)                 .FILL x0075
(30AC) 0074  0000000001110100 ( 139)                 .FILL x0074
(30AD) 0020  0000000000100000 ( 139)                 .FILL x0020
(30AE) 0066  0000000001100110 ( 139)                 .FILL x0066
(30AF) 006F  0000000001101111 ( 139)                 .FILL x006F
(30B0) 0072  0000000001110010 ( 139)                 .FILL x0072
(30B1) 006D  0000000001101101 ( 139)                 .FILL x006D
(30B2) 0061  0000000001100001 ( 139)                 .FILL x0061
(30B3) 0074  0000000001110100 ( 139)                 .FILL x0074
(30B4) 002E  0000000000101110 ( 139)                 .FILL x002E
(30B5) 0000  0000000000000000 ( 139)                 .FILL x0000
