(0000) 2000  0010000000000000 (   1)                 .ORIG x2000
(2000) 320F  0011001000001111 (   2)                 ST    R1 SaveR1
(2001) 340F  0011010000001111 (   3)                 ST    R2 SaveR2
(2002) 360F  0011011000001111 (   4)                 ST    R3 SaveR3
(2003) 380F  0011100000001111 (   5)                 ST    R4 SaveR4
(2004) 3A0F  0011101000001111 (   6)                 ST    R5 SaveR5
(2005) 3C0F  0011110000001111 (   7)                 ST    R6 SaveR6
(2006) A20F  1010001000001111 (   9) KEYIN           LDI   R1 KBSR
(2007) 07FE  0000011111111110 (  10)                 BRZP  KEYIN
(2008) A00E  1010000000001110 (  11)                 LDI   R0 KBDR
(2009) 2206  0010001000000110 (  13)                 LD    R1 SaveR1
(200A) 2406  0010010000000110 (  14)                 LD    R2 SaveR2
(200B) 2606  0010011000000110 (  15)                 LD    R3 SaveR3
(200C) 2806  0010100000000110 (  16)                 LD    R4 SaveR4
(200D) 2A06  0010101000000110 (  17)                 LD    R5 SaveR5
(200E) 2C06  0010110000000110 (  18)                 LD    R6 SaveR6
(200F) C1C0  1100000111000000 (  19)                 RET   
(2010) 0000  0000000000000000 (  21) SaveR1          .FILL x0000
(2011) 0000  0000000000000000 (  22) SaveR2          .FILL x0000
(2012) 0000  0000000000000000 (  23) SaveR3          .FILL x0000
(2013) 0000  0000000000000000 (  24) SaveR4          .FILL x0000
(2014) 0000  0000000000000000 (  25) SaveR5          .FILL x0000
(2015) 0000  0000000000000000 (  26) SaveR6          .FILL x0000
(2016) FE00  1111111000000000 (  27) KBSR            .FILL xFE00
(2017) FE02  1111111000000010 (  28) KBDR            .FILL xFE02
