(0000) 3000  0011000000000000 (   1)                 .ORIG x3000
(3000) 203A  0010000000111010 (   2)                 LD    R0 STAR
(3001) 2A3C  0010101000111100 (   3)                 LD    R5 ENDL
(3002) 2C3A  0010110000111010 (   4)                 LD    R6 SPACEC
(3003) 2433  0010010000110011 (   7) HOUWY           LD    R2 THREE
(3004) 2635  0010011000110101 (   8) BUNCHA          LD    R3 EIGHT
(3005) 2830  0010100000110000 (   9) LINE1           LD    R4 TWO
(3006) A238  1010001000111000 (  10) CHAR1           LDI   R1 DSR
(3007) 07FE  0000011111111110 (  11)                 BRZP  CHAR1
(3008) B037  1011000000110111 (  12)                 STI   R0 DDR
(3009) 193F  0001100100111111 (  13)                 ADD   R4 R4 #-1
(300A) 03FB  0000001111111011 (  14)                 BRP   CHAR1
(300B) 282C  0010100000101100 (  15)                 LD    R4 FOUR
(300C) A232  1010001000110010 (  16) SPACE1          LDI   R1 DSR
(300D) 07FE  0000011111111110 (  17)                 BRZP  SPACE1
(300E) BC31  1011110000110001 (  18)                 STI   R6 DDR
(300F) 193F  0001100100111111 (  19)                 ADD   R4 R4 #-1
(3010) 03FB  0000001111111011 (  20)                 BRP   SPACE1
(3011) 16FF  0001011011111111 (  21)                 ADD   R3 R3 #-1
(3012) 03F2  0000001111110010 (  22)                 BRP   LINE1
(3013) A22B  1010001000101011 (  24) ENDLINE         LDI   R1 DSR
(3014) 07FE  0000011111111110 (  25)                 BRZP  ENDLINE
(3015) BA2A  1011101000101010 (  26)                 STI   R5 DDR
(3016) 2620  0010011000100000 (  28) BUNCHB          LD    R3 THREE
(3017) A227  1010001000100111 (  29) SPACE3          LDI   R1 DSR
(3018) 07FE  0000011111111110 (  30)                 BRZP  SPACE3
(3019) BC26  1011110000100110 (  31)                 STI   R6 DDR
(301A) 16FF  0001011011111111 (  32)                 ADD   R3 R3 #-1
(301B) 03FB  0000001111111011 (  33)                 BRP   SPACE3
(301C) 261C  0010011000011100 (  34)                 LD    R3 SEVEN
(301D) 2818  0010100000011000 (  35) LINE2           LD    R4 TWO
(301E) A220  1010001000100000 (  36) CHAR2           LDI   R1 DSR
(301F) 07FE  0000011111111110 (  37)                 BRZP  CHAR2
(3020) B01F  1011000000011111 (  38)                 STI   R0 DDR
(3021) 193F  0001100100111111 (  39)                 ADD   R4 R4 #-1
(3022) 03FB  0000001111111011 (  40)                 BRP   CHAR2
(3023) 2814  0010100000010100 (  41)                 LD    R4 FOUR
(3024) A21A  1010001000011010 (  42) SPACE2          LDI   R1 DSR
(3025) 07FE  0000011111111110 (  43)                 BRZP  SPACE2
(3026) BC19  1011110000011001 (  44)                 STI   R6 DDR
(3027) 193F  0001100100111111 (  45)                 ADD   R4 R4 #-1
(3028) 03FB  0000001111111011 (  46)                 BRP   SPACE2
(3029) 16FF  0001011011111111 (  47)                 ADD   R3 R3 #-1
(302A) 03F2  0000001111110010 (  48)                 BRP   LINE2
(302B) A213  1010001000010011 (  50) ENDL2           LDI   R1 DSR
(302C) 07FE  0000011111111110 (  51)                 BRZP  ENDL2
(302D) BA12  1011101000010010 (  52)                 STI   R5 DDR
(302E) 14BF  0001010010111111 (  53)                 ADD   R2 R2 #-1
(302F) 03D4  0000001111010100 (  54)                 BRP   BUNCHA
(3030) 200A  0010000000001010 (  58)                 LD    R0 STAR
(3031) 2203  0010001000000011 (  59)                 LD    R1 INTR
(3032) 4040  0100000001000000 (  60)                 JSRR  R1
(3033) 0FCF  0000111111001111 (  61)                 BRNZP HOUWY
(3034) F025  1111000000100101 (  62)                 TRAP  x25
(3035) 2000  0010000000000000 (  64) INTR            .FILL x2000
(3036) 0002  0000000000000010 (  66) TWO             .FILL x0002
(3037) 0003  0000000000000011 (  67) THREE           .FILL x0003
(3038) 0004  0000000000000100 (  68) FOUR            .FILL x0004
(3039) 0007  0000000000000111 (  69) SEVEN           .FILL x0007
(303A) 0008  0000000000001000 (  70) EIGHT           .FILL x0008
(303B) 002A  0000000000101010 (  72) STAR            .FILL x002A
(303C) 0023  0000000000100011 (  73) HASH            .FILL x0023
(303D) 0020  0000000000100000 (  74) SPACEC          .FILL x0020
(303E) 000A  0000000000001010 (  75) ENDL            .FILL x000A
(303F) FE04  1111111000000100 (  76) DSR             .FILL xFE04
(3040) FE06  1111111000000110 (  77) DDR             .FILL xFE06
